0 info it worked if it ends with ok
1 verbose cli [ '/usr/local/bin/node', '/usr/local/bin/npm', 'run', 'tsc:w' ]
2 info using npm@3.8.1
3 info using node@v5.6.0
4 verbose run-script [ 'pretsc:w', 'tsc:w', 'posttsc:w' ]
5 info lifecycle abanking-alpha@1.0.0~pretsc:w: abanking-alpha@1.0.0
6 silly lifecycle abanking-alpha@1.0.0~pretsc:w: no script for pretsc:w, continuing
7 info lifecycle abanking-alpha@1.0.0~tsc:w: abanking-alpha@1.0.0
8 verbose lifecycle abanking-alpha@1.0.0~tsc:w: unsafe-perm in lifecycle true
9 verbose lifecycle abanking-alpha@1.0.0~tsc:w: PATH: /usr/local/lib/node_modules/npm/bin/node-gyp-bin:/home/sconsuelo/Documentos/Abanking_alpha/abanking_alpha/node_modules/.bin:/usr/local/bin:/usr/local/lib/node_modules/npm/bin/node-gyp-bin:/home/sconsuelo/Documentos/Abanking_alpha/abanking_alpha/node_modules/.bin:/usr/local/bin:/home/sconsuelo/.rbenv/plugins/ruby-build/bin:/home/sconsuelo/.rbenv/shims:/home/sconsuelo/.rbenv/bin:/usr/local/sbin:/usr/local/bin:/usr/sbin:/usr/bin:/sbin:/bin:/usr/games:/usr/local/games:/usr/lib/jvm/jdk1.8.0_73/bin
10 verbose lifecycle abanking-alpha@1.0.0~tsc:w: CWD: /home/sconsuelo/Documentos/Abanking_alpha/abanking_alpha
11 silly lifecycle abanking-alpha@1.0.0~tsc:w: Args: [ '-c', 'tsc -w' ]
12 silly lifecycle abanking-alpha@1.0.0~tsc:w: Returned: code: 1  signal: null
13 info lifecycle abanking-alpha@1.0.0~tsc:w: Failed to exec tsc:w script
14 verbose stack Error: abanking-alpha@1.0.0 tsc:w: `tsc -w`
14 verbose stack Exit status 1
14 verbose stack     at EventEmitter.<anonymous> (/usr/local/lib/node_modules/npm/lib/utils/lifecycle.js:239:16)
14 verbose stack     at emitTwo (events.js:100:13)
14 verbose stack     at EventEmitter.emit (events.js:185:7)
14 verbose stack     at ChildProcess.<anonymous> (/usr/local/lib/node_modules/npm/lib/utils/spawn.js:24:14)
14 verbose stack     at emitTwo (events.js:100:13)
14 verbose stack     at ChildProcess.emit (events.js:185:7)
14 verbose stack     at maybeClose (internal/child_process.js:827:16)
14 verbose stack     at Process.ChildProcess._handle.onexit (internal/child_process.js:211:5)
15 verbose pkgid abanking-alpha@1.0.0
16 verbose cwd /home/sconsuelo/Documentos/Abanking_alpha/abanking_alpha
17 error Linux 3.19.0-61-generic
18 error argv "/usr/local/bin/node" "/usr/local/bin/npm" "run" "tsc:w"
19 error node v5.6.0
20 error npm  v3.8.1
21 error code ELIFECYCLE
22 error abanking-alpha@1.0.0 tsc:w: `tsc -w`
22 error Exit status 1
23 error Failed at the abanking-alpha@1.0.0 tsc:w script 'tsc -w'.
23 error Make sure you have the latest version of node.js and npm installed.
23 error If you do, this is most likely a problem with the abanking-alpha package,
23 error not with npm itself.
23 error Tell the author that this fails on your system:
23 error     tsc -w
23 error You can get information on how to open an issue for this project with:
23 error     npm bugs abanking-alpha
23 error Or if that isn't available, you can get their info via:
23 error     npm owner ls abanking-alpha
23 error There is likely additional logging output above.
24 verbose exit [ 1, true ]
